Arguments: 
  /home/john/.nvm/versions/node/v10.16.3/bin/node /usr/share/yarn/bin/yarn.js

PATH: 
  info If you think this is a bug, please open a bug report with the information provided in "/home/john/learning/iniciando-back-end/yarn-error.log".
  info Visit https://yarnpkg.com/en/docs/cli/global for documentation about this command.:/home/john/.yarn/bin:/home/john/.nvm/versions/node/v10.16.3/bin:/usr/local/sbin:/usr/local/bin:/usr/sbin:/usr/bin:/sbin:/bin:/usr/games:/usr/local/games:/snap/bin:/home/john/Android/Sdk/tools:/home/john/Android/Sdk/platform-tools:/home/john/android-studio/jre/bin:/home/john/Android/Sdk/tools:/home/john/Android/Sdk/platform-tools:/home/john/android-studio/jre/bin

Yarn version: 
  1.21.1

Node version: 
  10.16.3

Platform: 
  linux x64

Trace: 
  SyntaxError: /home/john/learning/iniciando-back-end/package.json: Unexpected token } in JSON at position 236
      at JSON.parse (<anonymous>)
      at /usr/share/yarn/lib/cli.js:1625:59
      at Generator.next (<anonymous>)
      at step (/usr/share/yarn/lib/cli.js:310:30)
      at /usr/share/yarn/lib/cli.js:321:13

npm manifest: 
  {
    "name": "iniciando-back-end",
    "version": "1.0.0",
    "main": "index.js",
    "license": "MIT",
    "scripts": {
      "build": "tsc",
      "dev:server": "ts-node-dev --inspect --transpileOnly --ignore-watch node_modules src/server.ts",
    },
    "devDependencies": {
      "@types/express": "^4.17.5",
      "@types/jest": "^25.2.1",
      "@types/supertest": "^2.0.8",
      "@typescript-eslint/eslint-plugin": "^2.27.0",
      "@typescript-eslint/parser": "^2.27.0",
      "eslint": "^6.8.0",
      "eslint-config-airbnb-base": "^14.1.0",
      "eslint-config-prettier": "^6.10.1",
      "eslint-import-resolver-typescript": "^2.0.0",
      "eslint-plugin-import": "^2.20.1",
      "eslint-plugin-prettier": "^3.1.2",
      "prettier": "^2.0.4",
      "ts-node-dev": "^1.0.0-pre.44",
      "typescript": "^3.8.3"
    }
  }

yarn manifest: 
  No manifest

Lockfile: 
  No lockfile
